2026-05-12 16:07:33 - INFO - scheduler started.
2026-05-12 16:08:33 - INFO - Starting ETL process...
2026-05-12 16:08:33 - INFO - Extracting data for London...
2026-05-12 16:08:33 - INFO - Transforming data for London...
2026-05-12 16:08:33 - INFO - Loading data for London into database...
2026-05-12 16:08:33 - INFO - Successfully processed data for London.
2026-05-12 16:08:33 - INFO - Extracting data for New York...
2026-05-12 16:08:33 - INFO - Transforming data for New York...
2026-05-12 16:08:33 - INFO - Loading data for New York into database...
2026-05-12 16:08:34 - INFO - Successfully processed data for New York.
2026-05-12 16:08:34 - INFO - Extracting data for Tokyo...
2026-05-12 16:08:34 - INFO - Transforming data for Tokyo...
2026-05-12 16:08:34 - INFO - Loading data for Tokyo into database...
2026-05-12 16:08:34 - INFO - Successfully processed data for Tokyo.
2026-05-12 16:08:34 - INFO - Extracting data for Mumbai...
2026-05-12 16:08:34 - INFO - Transforming data for Mumbai...
2026-05-12 16:08:34 - INFO - Loading data for Mumbai into database...
2026-05-12 16:08:34 - INFO - Successfully processed data for Mumbai.
2026-05-12 16:08:34 - INFO - Extracting data for Paris...
2026-05-12 16:08:34 - INFO - Transforming data for Paris...
2026-05-12 16:08:34 - INFO - Loading data for Paris into database...
2026-05-12 16:08:34 - INFO - Successfully processed data for Paris.
